<?xml version="1.0" encoding="UTF-8"?>
<testng-results skipped="0" failed="0" total="6" passed="6">
  <reporter-output>
    <line>
      <![CDATA[Mozilla is envoked]]>
    </line>
    <line>
      <![CDATA[URL is http://111.125.141.74:8086/VaticaHealth.Web.UI/]]>
    </line>
  </reporter-output>
  <suite name="Default suite" duration-ms="601772" started-at="2017-01-04T11:49:57Z" finished-at="2017-01-04T11:59:59Z">
    <groups>
    </groups>
    <test name="Default test" duration-ms="601772" started-at="2017-01-04T11:49:57Z" finished-at="2017-01-04T11:59:59Z">
      <class name="com.vaticahealth.vatica.tests.SmokeTest">
        <test-method status="PASS" signature="invokeUrl()[pri:0, instance:com.vaticahealth.vatica.tests.SmokeTest@1bd39d3c]" name="invokeUrl" is-config="true" duration-ms="11750" started-at="2017-01-04T17:19:57Z" finished-at="2017-01-04T17:20:09Z">
          <reporter-output>
            <line>
              <![CDATA[URL is http://111.125.141.74:8086/VaticaHealth.Web.UI/]]>
            </line>
          </reporter-output>
        </test-method> <!-- invokeUrl -->
        <test-method status="PASS" signature="smokeTest_login()[pri:1, instance:com.vaticahealth.vatica.tests.SmokeTest@1bd39d3c]" name="smokeTest_login" duration-ms="66989" started-at="2017-01-04T17:20:09Z" description="login" finished-at="2017-01-04T17:21:16Z">
          <reporter-output>
          </reporter-output>
        </test-method> <!-- smokeTest_login -->
        <test-method status="PASS" signature="smokeTest_hra_creation()[pri:2, instance:com.vaticahealth.vatica.tests.SmokeTest@1bd39d3c]" name="smokeTest_hra_creation" duration-ms="49079" started-at="2017-01-04T17:21:16Z" description="hra creation " finished-at="2017-01-04T17:22:05Z">
          <reporter-output>
          </reporter-output>
        </test-method> <!-- smokeTest_hra_creation -->
        <test-method status="PASS" signature="smokeTest_hra_completion()[pri:3, instance:com.vaticahealth.vatica.tests.SmokeTest@1bd39d3c]" name="smokeTest_hra_completion" duration-ms="162885" started-at="2017-01-04T17:22:05Z" description="hra completion " finished-at="2017-01-04T17:24:48Z">
          <reporter-output>
          </reporter-output>
        </test-method> <!-- smokeTest_hra_completion -->
        <test-method status="PASS" signature="smokeTest_ttab_completion()[pri:4, instance:com.vaticahealth.vatica.tests.SmokeTest@1bd39d3c]" name="smokeTest_ttab_completion" duration-ms="27439" started-at="2017-01-04T17:24:48Z" description="T tab completion " finished-at="2017-01-04T17:25:15Z">
          <reporter-output>
          </reporter-output>
        </test-method> <!-- smokeTest_ttab_completion -->
        <test-method status="PASS" signature="smokeTest_dtab_completion()[pri:5, instance:com.vaticahealth.vatica.tests.SmokeTest@1bd39d3c]" name="smokeTest_dtab_completion" duration-ms="164180" started-at="2017-01-04T17:25:15Z" description="D tab completion" finished-at="2017-01-04T17:27:59Z">
          <reporter-output>
          </reporter-output>
        </test-method> <!-- smokeTest_dtab_completion -->
        <test-method status="PASS" signature="smokeTest_home_tcs()[pri:6, instance:com.vaticahealth.vatica.tests.SmokeTest@1bd39d3c]" name="smokeTest_home_tcs" duration-ms="119366" started-at="2017-01-04T17:27:59Z" description="PHP Test cases" finished-at="2017-01-04T17:29:59Z">
          <reporter-output>
          </reporter-output>
        </test-method> <!-- smokeTest_home_tcs -->
      </class> <!-- com.vaticahealth.vatica.tests.SmokeTest -->
    </test> <!-- Default test -->
  </suite> <!-- Default suite -->
</testng-results>
