<?xml version="1.0" encoding="UTF-8"?>
<!-- Generated by org.testng.reporters.JUnitXMLReporter -->
<testsuite hostname="nitunp-L" name="Default test" tests="6" failures="0" timestamp="6 Jan 2017 07:12:04 GMT" time="686.451" errors="0">
  <testcase name="smokeTest_login" time="66.425" classname="com.vaticahealth.vatica.tests.SmokeTest"/>
  <testcase name="smokeTest_hra_creation" time="49.573" classname="com.vaticahealth.vatica.tests.SmokeTest"/>
  <testcase name="smokeTest_hra_completion" time="185.575" classname="com.vaticahealth.vatica.tests.SmokeTest"/>
  <testcase name="smokeTest_ttab_completion" time="29.065" classname="com.vaticahealth.vatica.tests.SmokeTest"/>
  <testcase name="smokeTest_dtab_completion" time="167.306" classname="com.vaticahealth.vatica.tests.SmokeTest"/>
  <testcase name="smokeTest_home_tcs" time="185.714" classname="com.vaticahealth.vatica.tests.SmokeTest"/>
</testsuite> <!-- Default test -->
