<?xml version="1.0" encoding="UTF-8"?>
<!-- Generated by org.testng.reporters.JUnitXMLReporter -->
<testsuite hostname="nitunp-L" name="Default test" tests="6" failures="0" timestamp="4 Jan 2017 11:59:59 GMT" time="601.772" errors="0">
  <testcase name="smokeTest_login" time="66.989" classname="com.vaticahealth.vatica.tests.SmokeTest"/>
  <testcase name="smokeTest_hra_creation" time="49.079" classname="com.vaticahealth.vatica.tests.SmokeTest"/>
  <testcase name="smokeTest_hra_completion" time="162.885" classname="com.vaticahealth.vatica.tests.SmokeTest"/>
  <testcase name="smokeTest_ttab_completion" time="27.439" classname="com.vaticahealth.vatica.tests.SmokeTest"/>
  <testcase name="smokeTest_dtab_completion" time="164.18" classname="com.vaticahealth.vatica.tests.SmokeTest"/>
  <testcase name="smokeTest_home_tcs" time="119.366" classname="com.vaticahealth.vatica.tests.SmokeTest"/>
</testsuite> <!-- Default test -->
