<?xml version="1.0" encoding="UTF-8"?>
<!-- Generated by org.testng.reporters.JUnitXMLReporter -->
<testsuite hostname="nitunp-L" name="Default test" tests="4" failures="0" timestamp="23 Dec 2016 11:55:06 GMT" time="258.406" errors="0">
  <testcase name="smokeTest_login" time="50.361" classname="com.vaticahealth.vatica.tests.SmokeTest2"/>
  <testcase name="checkFirstNameSortingonPHPGrid" time="69.545" classname="com.vaticahealth.vatica.tests.SmokeTest2"/>
  <testcase name="checkLastNameSortingonPHPGrid" time="68.669" classname="com.vaticahealth.vatica.tests.SmokeTest2"/>
  <testcase name="checkVisitDateSortingonPHPGrid" time="67.442" classname="com.vaticahealth.vatica.tests.SmokeTest2"/>
</testsuite> <!-- Default test -->
