<?xml version="1.0" encoding="UTF-8"?>
<!-- Generated by org.testng.reporters.JUnitXMLReporter -->
<testsuite hostname="Lakshya-Grover" name="loginTest" tests="1" failures="1" timestamp="25 Aug 2016 10:35:07 GMT" time="4.287" errors="0">
  <testcase name="@AfterTest logout" time="0.0" classname="com.vaticahealth.vatica.RegressionTest">
    <failure type="java.lang.NullPointerException">
      <![CDATA[java.lang.NullPointerException
	at com.google.common.base.Preconditions.checkNotNull(Preconditions.java:212)
	at org.openqa.selenium.support.ui.FluentWait.<init>(FluentWait.java:102)
	at org.openqa.selenium.support.ui.WebDriverWait.<init>(WebDriverWait.java:71)
	at org.openqa.selenium.support.ui.WebDriverWait.<init>(WebDriverWait.java:45)
	at com.vaticahealth.vatica.utils.CommonCode.explictWait(CommonCode.java:159)
	at com.vaticahealth.vatica.pages.Home.logOut(Home.java:29)
	at com.vaticahealth.vatica.TestAnnotation.logout(TestAnnotation.java:38)
... Removed 22 stack frames]]>
    </failure>
  </testcase> <!-- @AfterTest logout -->
  <testcase name="loginApp" time="0.014" classname="com.vaticahealth.vatica.RegressionTest">
    <failure type="java.lang.NullPointerException">
      <![CDATA[java.lang.NullPointerException
	at com.vaticahealth.vatica.utils.CommonCode.implictWait(CommonCode.java:150)
	at com.vaticahealth.vatica.RegressionTest.loginApp(RegressionTest.java:21)
	at java.util.concurrent.ThreadPoolExecutor.runWorker(ThreadPoolExecutor.java:1142)
	at java.util.concurrent.ThreadPoolExecutor$Worker.run(ThreadPoolExecutor.java:617)
	at java.lang.Thread.run(Thread.java:745)
... Removed 10 stack frames]]>
    </failure>
  </testcase> <!-- loginApp -->
</testsuite> <!-- loginTest -->
