<?xml version="1.0" encoding="UTF-8"?>
<!-- Generated by org.testng.reporters.JUnitXMLReporter -->
<testsuite hostname="Lakshya-Grover" name="regular" tests="1" failures="0" timestamp="25 Aug 2016 10:35:07 GMT" time="0.227" errors="0">
  <testcase name="@AfterTest logout" time="0.0" classname="com.vaticahealth.vatica.RegressionTest">
    <failure type="java.lang.NullPointerException">
      <![CDATA[java.lang.NullPointerException
	at com.google.common.base.Preconditions.checkNotNull(Preconditions.java:212)
	at org.openqa.selenium.support.ui.FluentWait.<init>(FluentWait.java:102)
	at org.openqa.selenium.support.ui.WebDriverWait.<init>(WebDriverWait.java:71)
	at org.openqa.selenium.support.ui.WebDriverWait.<init>(WebDriverWait.java:45)
	at com.vaticahealth.vatica.utils.CommonCode.explictWait(CommonCode.java:159)
	at com.vaticahealth.vatica.pages.Home.logOut(Home.java:29)
	at com.vaticahealth.vatica.TestAnnotation.logout(TestAnnotation.java:38)
... Removed 22 stack frames]]>
    </failure>
  </testcase> <!-- @AfterTest logout -->
  <testcase name="display" time="0.005" classname="com.vaticahealth.vatica.RegressionTest"/>
</testsuite> <!-- regular -->
