<?xml version="1.0" encoding="UTF-8"?>
<!-- Generated by org.testng.reporters.JUnitXMLReporter -->
<testsuite hostname="Shantanu-Nayak" name="Test" tests="1" failures="1" timestamp="26 Dec 2016 09:21:37 GMT" time="10.097" errors="0">
  <testcase name="smokeTest" time="7.95" classname="com.vaticahealth.vatica.tests.SmokeTest">
    <failure type="java.lang.NullPointerException">
      <![CDATA[java.lang.NullPointerException
	at com.vaticahealth.vatica.utils.CommonCode.readExcel(CommonCode.java:89)
	at com.vaticahealth.vatica.tests.LoginTest.tc_Login_3(LoginTest.java:35)
	at com.vaticahealth.vatica.tests.SmokeTest.smokeTest(SmokeTest.java:28)
... Removed 25 stack frames]]>
    </failure>
  </testcase> <!-- smokeTest -->
</testsuite> <!-- Test -->
