<?xml version="1.0" encoding="UTF-8"?>
<!-- Generated by org.testng.reporters.JUnitXMLReporter -->
<testsuite hostname="Lakshya-Grover" name="Test" tests="1" failures="1" timestamp="25 Aug 2016 11:30:19 GMT" time="0.125" errors="0">
  <testcase name="techSupportLink" time="0.095" classname="com.vaticahealth.vatica.RegressionTest">
    <failure type="java.lang.NullPointerException">
      <![CDATA[java.lang.NullPointerException
	at org.openqa.selenium.support.pagefactory.DefaultElementLocator.findElement(DefaultElementLocator.java:69)
	at org.openqa.selenium.support.pagefactory.internal.LocatingElementHandler.invoke(LocatingElementHandler.java:38)
	at com.sun.proxy.$Proxy5.click(Unknown Source)
	at com.vaticahealth.vatica.pages.Login.technicalSupportLink(Login.java:134)
	at com.vaticahealth.vatica.RegressionTest.techSupportLink(RegressionTest.java:72)
... Removed 24 stack frames]]>
    </failure>
  </testcase> <!-- techSupportLink -->
</testsuite> <!-- Test -->
